#
# An unexpected error has been detected by Java Runtime Environment:
#
#  SIGILL (0x4) at pc=0xffffe40e, pid=8705, tid=3084609728
#
# Java VM: Java HotSpot(TM) Client VM (10.0-b22 mixed mode, sharing linux-x86)
# Problematic frame:
# C  [+0x40e]  __kernel_vsyscall+0xe
#
# If you would like to submit a bug report, please visit:
#   http://java.sun.com/webapps/bugreport/crash.jsp
#

---------------  T H R E A D  ---------------

Current thread is native thread

siginfo:si_signo=SIGILL: si_errno=0, si_code=0 (ILL0), si_addr=0x00005196

Registers:
EAX=0x000000f0, EBX=0xb7d90bd8, ECX=0x00000000, EDX=0x00002206
ESP=0xbfbad964, EBP=0xbfbad9a8, ESI=0x00000000, EDI=0xb7f27ff4
EIP=0xffffe40e, CR2=0xb7f53100, EFLAGS=0x00200286

Top of Stack: (sp=0xbfbad964)
0xbfbad964:   bfbad9a8 00002206 00000000 b7f19775
0xbfbad974:   bfbad98c b7f19640 b7d90d94 bfbad98c
0xbfbad984:   00000016 00000000 b7f19640 b7d90d94
0xbfbad994:   b7f52c50 00000000 0805264c 00050000
0xbfbad9a4:   00000000 bfbada18 0804dce8 b7d90b90
0xbfbad9b4:   bfbad9c8 080498d0 bfbada60 b7de4755
0xbfbad9c4:   bfbad9d0 08051039 b7d90b90 00000000
0xbfbad9d4:   00000000 00000000 00001000 00000000 

Instructions: (pc=0xffffe40e)
0xffffe3fe:   00 00 51 52 55 89 e5 0f 34 90 90 90 90 90 90 90
0xffffe40e:   eb f3 5d 5a 59 c3 90 90 90 90 90 90 90 90 90 90 

Stack: [0xbfb61000,0xbfbb1000],  sp=0xbfbad964,  free space=306k
Native frames: (J=compiled Java code, j=interpreted, Vv=VM code, C=native code)
C  [+0x40e]  __kernel_vsyscall+0xe
C  [java+0x5ce8]
C  [java+0x17f6]
C  [libc.so.6+0x16450]  __libc_start_main+0xe0


---------------  P R O C E S S  ---------------

VM state:at safepoint (normal execution)

VM Mutex/Monitor currently owned by a thread:  ([mutex/lock_event])
[0x08057390/0x080573b8] Threads_lock - owner thread: 0x08080000
[0x08057850/0x08057868] Heap_lock - owner thread: 0x0808ac00

Heap
 def new generation   total 4544K, used 4543K [0x8bff0000, 0x8c4d0000, 0x8c4d0000)
  eden space 4096K,  99% used [0x8bff0000, 0x8c3efff8, 0x8c3f0000)
  from space 448K,  99% used [0x8c3f0000, 0x8c45fff8, 0x8c460000)
  to   space 448K,   0% used [0x8c460000, 0x8c460000, 0x8c4d0000)
 tenured generation   total 60544K, used 60543K [0x8c4d0000, 0x8fff0000, 0x8fff0000)
   the space 60544K,  99% used [0x8c4d0000, 0x8ffefff8, 0x8fff0000, 0x8fff0000)
 compacting perm gen  total 12288K, used 6400K [0x8fff0000, 0x90bf0000, 0x93ff0000)
   the space 12288K,  52% used [0x8fff0000, 0x906303b0, 0x90630400, 0x90bf0000)
    ro space 8192K,  73% used [0x93ff0000, 0x945d34a0, 0x945d3600, 0x947f0000)
    rw space 12288K,  58% used [0x947f0000, 0x94ee8668, 0x94ee8800, 0x953f0000)

Dynamic libraries:
06000000-0641b000 r-xp 00000000 fe:00 386720     /usr/lib/jvm/java-6-sun-1.6.0.06/jre/lib/i386/client/libjvm.so
0641b000-06435000 rwxp 0041a000 fe:00 386720     /usr/lib/jvm/java-6-sun-1.6.0.06/jre/lib/i386/client/libjvm.so
06435000-06855000 rwxp 06435000 00:00 0 
08048000-08052000 r-xp 00000000 fe:00 388069     /usr/lib/jvm/java-6-sun-1.6.0.06/jre/bin/java
08052000-08053000 rwxp 00009000 fe:00 388069     /usr/lib/jvm/java-6-sun-1.6.0.06/jre/bin/java
08053000-0830d000 rwxp 08053000 00:00 0          [heap]
8bff0000-8c4d0000 rwxp 8bff0000 00:00 0 
8c4d0000-8fff0000 rwxp 8c4d0000 00:00 0 
8fff0000-90bf0000 rwxp 8fff0000 00:00 0 
90bf0000-93ff0000 rwxp 90bf0000 00:00 0 
93ff0000-945d4000 r-xs 00001000 fe:00 388170     /usr/lib/jvm/java-6-sun-1.6.0.06/jre/lib/i386/client/classes.jsa
945d4000-947f0000 rwxp 945d4000 00:00 0 
947f0000-94ee9000 rwxp 005e5000 fe:00 388170     /usr/lib/jvm/java-6-sun-1.6.0.06/jre/lib/i386/client/classes.jsa
94ee9000-953f0000 rwxp 94ee9000 00:00 0 
953f0000-954c9000 rwxp 00cde000 fe:00 388170     /usr/lib/jvm/java-6-sun-1.6.0.06/jre/lib/i386/client/classes.jsa
954c9000-957f0000 rwxp 954c9000 00:00 0 
957f0000-957f4000 r-xs 00db7000 fe:00 388170     /usr/lib/jvm/java-6-sun-1.6.0.06/jre/lib/i386/client/classes.jsa
957f4000-95bf0000 rwxp 957f4000 00:00 0 
b481d000-b4a12000 rwxp b481d000 00:00 0 
b4b0d000-b4b10000 ---p b4b0d000 00:00 0 
b4b10000-b4b5e000 rwxp b4b10000 00:00 0 
b4b5e000-b4b61000 ---p b4b5e000 00:00 0 
b4b61000-b4baf000 rwxp b4b61000 00:00 0 
b4baf000-b4bb2000 rwxp b4baf000 00:00 0 
b4bb2000-b4d00000 rwxp b4bb2000 00:00 0 
b4d4b000-b4d4e000 rwxp b4d4b000 00:00 0 
b4d4e000-b4d9c000 rwxp b4d4e000 00:00 0 
b4d9c000-b4d9f000 ---p b4d9c000 00:00 0 
b4d9f000-b4ded000 rwxp b4d9f000 00:00 0 
b4ded000-b4df3000 r-xs 00000000 fe:00 322674     /var/cache/fontconfig/945677eb7aeaf62f1d50efc3fb3ec7d8-x86.cache-2
b4df3000-b4df8000 r-xs 00000000 fe:00 323879     /var/cache/fontconfig/e25ca923d7a08ab6b0777bd7eb77ea77-x86.cache-2
b4df8000-b4dfd000 r-xs 00000000 fe:00 323878     /var/cache/fontconfig/bddabcf04192498a6a74911686fc6962-x86.cache-2
b4dfd000-b4e00000 r-xs 00000000 fe:00 323877     /var/cache/fontconfig/a46337af8a0b4c9b317ad981ec3bdf87-x86.cache-2
b4e00000-b4e01000 r-xs 00000000 fe:00 323876     /var/cache/fontconfig/1b70ff56935fd37e75520e134628df26-x86.cache-2
b4e01000-b4e02000 r-xs 00000000 fe:00 323875     /var/cache/fontconfig/d3685354d3ac2de423f1f8940bfaf401-x86.cache-2
b4e02000-b4e05000 r-xs 00000000 fe:00 323874     /var/cache/fontconfig/730e02279f85163dda3f253e0053b0d8-x86.cache-2
b4e05000-b4e06000 r-xs 00000000 fe:00 320212     /var/cache/fontconfig/fd9505950c048a77dc4b710eb6a628ed-x86.cache-2
b4e06000-b4e09000 r-xs 00000000 fe:00 323873     /var/cache/fontconfig/ddc79d3ea06a7c6ffa86ede85f3bb5df-x86.cache-2
b4e09000-b4e0a000 r-xs 00000000 fe:00 323872     /var/cache/fontconfig/6edd069ccec3ba28096b368c434fa861-x86.cache-2
b4e0a000-b4e0b000 r-xs 00000000 fe:00 320211     /var/cache/fontconfig/f53906fd34c7a6530ddc8f6b50a01b70-x86.cache-2
b4e0b000-b4e0c000 r-xs 00000000 fe:00 323871     /var/cache/fontconfig/5bc99d13c41710fd4d04a3be3075ea0a-x86.cache-2
b4e0c000-b4e0d000 r-xs 00000000 fe:00 323870     /var/cache/fontconfig/6107b5fa29495ec7ce1e1f32f6b350c4-x86.cache-2
b4e0d000-b4e0e000 r-xs 00000000 fe:00 321867     /var/cache/fontconfig/e3fa16a14183b06aa45b3e009278fd14-x86.cache-2
b4e0e000-b4e0f000 r-xs 00000000 fe:00 323869     /var/cache/fontconfig/f405a1a7cc2cec8999a47f0ed777435a-x86.cache-2
b4e0f000-b4e10000 r-xs 00000000 fe:00 320206     /var/cache/fontconfig/fc14e3aff40829fbb7132d5e06a8168b-x86.cache-2
b4e10000-b4e12000 r-xs 00000000 fe:00 323868     /var/cache/fontconfig/fab7fd3cf2c73db724de4065b855b8d4-x86.cache-2
b4e12000-b4e14000 r-xs 00000000 fe:00 320214     /var/cache/fontconfig/dc69028cb7d26f67d8024a5e4f94b512-x86.cache-2
b4e14000-b4e16000 r-xs 00000000 fe:00 323867     /var/cache/fontconfig/52728cdc49031813f272d4aa720952ff-x86.cache-2
b4e16000-b4e17000 r-xs 00000000 fe:00 321777     /var/cache/fontconfig/86fd9093087ffcd0d509276d6955595f-x86.cache-2
b4e17000-b4e18000 r-xs 00000000 fe:00 323866     /var/cache/fontconfig/acf24f57989d82ed5c91b60ef9c3a050-x86.cache-2
b4e18000-b4e19000 r-xs 00000000 fe:00 323865     /var/cache/fontconfig/e7071f4a29fa870f4323321c154eba04-x86.cache-2
b4e19000-b4e1a000 r-xs 00000000 fe:00 323864     /var/cache/fontconfig/9620031e5ef3d9f8db76a0a1427e3349-x86.cache-2
b4e1a000-b4e1b000 r-xs 00000000 fe:00 323863     /var/cache/fontconfig/a2ab74764b07279e7c36ddb1d302cf26-x86.cache-2
b4e1b000-b4e1c000 r-xs 00000000 fe:00 323862     /var/cache/fontconfig/e0853c5e7e7fc9a9e822b52cb2e640cf-x86.cache-2
b4e1c000-b4e1e000 r-xs 00000000 fe:00 323861     /var/cache/fontconfig/946752ae7a90c323083f887d43ff0bb2-x86.cache-2
b4e1e000-b4e1f000 r-xs 00000000 fe:00 323860     /var/cache/fontconfig/cf9cbdda15ec67a08a35a9edc14b8c27-x86.cache-2
b4e1f000-b4e23000 r-xs 00000000 fe:00 323859     /var/cache/fontconfig/921a30a17f0be15c70ac14043cb7a739-x86.cache-2
b4e23000-b4e25000 r-xs 00000000 fe:00 323858     /var/cache/fontconfig/c69f04ab05004e31a6d5e715764f16d8-x86.cache-2
b4e25000-b4e42000 r-xs 00000000 fe:00 323857     /var/cache/fontconfig/4ca92cf76c0cf3dfa7f011127eff595d-x86.cache-2
b4e42000-b4e61000 r-xs 00000000 fe:00 323856     /var/cache/fontconfig/6abf76b0b4cc7192703d8431ac929b75-x86.cache-2
b4e61000-b4e81000 r-xs 00000000 fe:00 322537     /var/cache/fontconfig/f408d08d2fce062ab660f628db78bf96-x86.cache-2
b4e81000-b4e82000 r-xs 00000000 fe:00 323855     /var/cache/fontconfig/4c73fe0c47614734b17d736dbde7580a-x86.cache-2
b4e82000-b4e85000 r-xs 00000000 fe:00 323854     /var/cache/fontconfig/5aa0758679636099ac12dc31b5ab2fe8-x86.cache-2
b4e85000-b4e87000 r-xs 00000000 fe:00 323853     /var/cache/fontconfig/646addb8444faa74ee138aa00ab0b6a0-x86.cache-2
b4e87000-b4e8a000 r-xs 00000000 fe:00 323852     /var/cache/fontconfig/dfe01fa16583a856689483e0569db943-x86.cache-2
b4e8a000-b4e8b000 r-xs 00000000 fe:00 320208     /var/cache/fontconfig/7ee55724f82591cb35c3d9771e9e69ed-x86.cache-2
b4e8b000-b4e8d000 r-xs 00000000 fe:00 323851     /var/cache/fontconfig/20bd79ad97094406f7d1b9654bfbd926-x86.cache-2
b4e8d000-b4e8f000 r-xs 00000000 fe:00 323850     /var/cache/fontconfig/90e84e89a4382a8db77728561d41356d-x86.cache-2
b4e8f000-b4e90000 r-xs 00000000 fe:00 323016     /var/cache/fontconfig/27f6fa40476fb33ad65cb210c133a216-x86.cache-2
b4e90000-b4e92000 r-xs 00000000 fe:00 323015     /var/cache/fontconfig/9123b38b1c36356a690c2f0bc4cbf728-x86.cache-2
b4e92000-b4e94000 r-xs 00000000 fe:00 323882     /var/cache/fontconfig/f680583fed5bdc90d95a16af47e16528-x86.cache-2
b4e94000-b4e95000 r-xs 00000000 fe:00 323014     /var/cache/fontconfig/32fc3cbe01df6a30798854a2c93eb444-x86.cache-2
b4e95000-b4e96000 r-xs 00000000 fe:00 322785     /var/cache/fontconfig/a8d35ba226d862df35f7c320f882e11a-x86.cache-2
b4e96000-b4e97000 r-xs 00000000 fe:00 322620     /var/cache/fontconfig/5a86461592e14be7c82e45729474f230-x86.cache-2
b4e97000-b4e98000 r-xs 00000000 fe:00 322629     /var/cache/fontconfig/818fefaf4a9a6d62e9703ad211f6e18f-x86.cache-2
b4e98000-b4e99000 r-xs 00000000 fe:00 322578     /var/cache/fontconfig/342245cecc7b46fd40dc20a7c48a9d74-x86.cache-2
b4e99000-b4e9a000 r-xs 00000000 fe:00 320204     /var/cache/fontconfig/8287c3afb627c05e21e679b3916bc705-x86.cache-2
b4e9a000-b4e9d000 r-xs 00000000 fe:00 322576     /var/cache/fontconfig/9c0624108b9a2ae8552f664125be8356-x86.cache-2
b4e9d000-b4ea4000 r-xs 00000000 fe:00 322573     /var/cache/fontconfig/6d41288fd70b0be22e8c3a91e032eec0-x86.cache-2
b4ea4000-b4ea7000 r-xs 00000000 fe:00 322571     /var/cache/fontconfig/24cfa87181cfa5a1c0a5ecfd4c14c4b3-x86.cache-2
b4ea7000-b4eaa000 r-xs 00000000 fe:00 322549     /var/cache/fontconfig/de156ccd2eddbdc19d37a45b8b2aac9c-x86.cache-2
b4eaa000-b4eac000 r-xs 00000000 fe:00 323883     /var/cache/fontconfig/da1bd5ca8443ffe22927a23ce431d198-x86.cache-2
b4eac000-b4eae000 r-xs 00000000 fe:00 322544     /var/cache/fontconfig/4609d6ed693fb2a61c04ed6a1f4c071e-x86.cache-2
b4eae000-b4eb6000 r-xs 00000000 fe:00 322543     /var/cache/fontconfig/e3de0de479f42330eadf588a55fb5bf4-x86.cache-2
b4eb6000-b4eb9000 r-xs 00000000 fe:00 322542     /var/cache/fontconfig/a6354e3ac43af67bd8d7b8e43c34e49f-x86.cache-2
b4eb9000-b4eba000 r-xs 00000000 fe:00 322541     /var/cache/fontconfig/9451a55048e8dbe8633e64d34165fdf2-x86.cache-2
b4eba000-b4ebb000 r-xs 00000000 fe:00 322540     /var/cache/fontconfig/4794a0821666d79190d59a36cb4f44b5-x86.cache-2
b4ebb000-b4ebd000 r-xs 00000000 fe:00 322539     /var/cache/fontconfig/80d0a1cf7989637baed91f874e3e11f6-x86.cache-2
b4ebd000-b4ebf000 r-xs 00000000 fe:00 322536     /var/cache/fontconfig/6fe0ed9ceabbaa79283ea9c0b49c5d6e-x86.cache-2
b4ebf000-b4ec2000 r-xs 00000000 fe:00 322534     /var/cache/fontconfig/de9486f0b47a4d768a594cb4198cb1c6-x86.cache-2
b4ec2000-b4ec9000 r-xs 00000000 fe:00 322533     /var/cache/fontconfig/d52a8644073d54c13679302ca1180695-x86.cache-2
b4ec9000-b4eca000 r-xs 00000000 fe:00 322532     /var/cache/fontconfig/ae26c1aac6606cb24499bf89ff8f20df-x86.cache-2
b4eca000-b4ecf000 r-xs 00000000 fe:00 322531     /var/cache/fontconfig/105b9c7e6f0a4f82d8c9b6e39c52c6f9-x86.cache-2
b4ecf000-b4ed1000 r-xs 00000000 fe:00 322530     /var/cache/fontconfig/f4b919f1221209ef62afab2e83b553ed-x86.cache-2
b4ed1000-b4ed3000 r-xs 00000000 fe:00 322529     /var/cache/fontconfig/5b0623c2c1e6dea9559ee397e26a7919-x86.cache-2
b4ed3000-b4ed5000 r-xs 00000000 fe:00 322413     /var/cache/fontconfig/089dead882dea3570ffc31a9898cfb69-x86.cache-2
b4ed5000-b4eea000 r-xs 00000000 fe:00 322577     /var/cache/fontconfig/cabbd14511b9e8a55e92af97fb3a0461-x86.cache-2
b4eea000-b4ef7000 r-xs 00000000 fe:00 323885     /var/cache/fontconfig/e13b20fdb08344e0e664864cc2ede53d-x86.cache-2
b4ef7000-b4f31000 r-xs 00000000 fe:00 323884     /var/cache/fontconfig/eeebfc908bd29a90773fd860017aada4-x86.cache-2
b4f31000-b4f6b000 r-xs 00000000 fe:00 322680     /var/cache/fontconfig/21a99156bb11811cef641abeda519a45-x86.cache-2
b4f94000-b4f97000 ---p b4f94000 00:00 0 
b4f97000-b4fe5000 rwxp b4f97000 00:00 0 
b4fe5000-b4fe9000 r-xp 00000000 fe:00 235159     /usr/lib/libXfixes.so.3.1.0
b4fe9000-b4fea000 rwxp 00003000 fe:00 235159     /usr/lib/libXfixes.so.3.1.0
b4fea000-b4ff1000 r-xp 00000000 fe:00 235201     /usr/lib/libXrender.so.1.3.0
b4ff1000-b4ff2000 rwxp 00007000 fe:00 235201     /usr/lib/libXrender.so.1.3.0
b4ff2000-b4ffa000 r-xp 00000000 fe:00 235221     /usr/lib/libXcursor.so.1.0.2
b4ffa000-b4ffb000 rwxp 00007000 fe:00 235221     /usr/lib/libXcursor.so.1.0.2
b5000000-b5006000 r-xp 00000000 fe:00 371951     /usr/lib/jvm/java-6-sun-1.6.0.06/jre/lib/i386/libmanagement.so
b5006000-b5007000 rwxp 00005000 fe:00 371951     /usr/lib/jvm/java-6-sun-1.6.0.06/jre/lib/i386/libmanagement.so
b5007000-b500e000 r-xs 00110000 fe:00 371946     /usr/lib/jvm/java-6-sun-1.6.0.06/jre/lib/resources.jar
b500e000-b5010000 r-xs 00016000 fe:00 270766     /usr/share/java/servlet-api-2.4.jar
b5010000-b5019000 r-xs 000bc000 fe:03 11100759   /home/aleks/var/tmp/stanford-postagger-full-2008-05-19/stanford-postagger.jar
b5019000-b501d000 r-xs 000ca000 fe:00 371822     /usr/lib/jvm/java-6-sun-1.6.0.06/jre/lib/ext/localedata.jar
b501d000-b5024000 r-xp 00000000 fe:00 371977     /usr/lib/jvm/java-6-sun-1.6.0.06/jre/lib/i386/libnio.so
b5024000-b5025000 rwxp 00006000 fe:00 371977     /usr/lib/jvm/java-6-sun-1.6.0.06/jre/lib/i386/libnio.so
b5025000-b5038000 r-xp 00000000 fe:00 371975     /usr/lib/jvm/java-6-sun-1.6.0.06/jre/lib/i386/libnet.so
b5038000-b5039000 rwxp 00013000 fe:00 371975     /usr/lib/jvm/java-6-sun-1.6.0.06/jre/lib/i386/libnet.so
b5039000-b503c000 ---p b5039000 00:00 0 
b503c000-b508a000 rwxp b503c000 00:00 0 
b508a000-b5108000 r-xp 00000000 fe:00 371976     /usr/lib/jvm/java-6-sun-1.6.0.06/jre/lib/i386/libfontmanager.so
b5108000-b5112000 rwxp 0007e000 fe:00 371976     /usr/lib/jvm/java-6-sun-1.6.0.06/jre/lib/i386/libfontmanager.so
b5112000-b5117000 rwxp b5112000 00:00 0 
b5117000-b511b000 r-xp 00000000 fe:00 229875     /usr/lib/libXdmcp.so.6.0.0
b511b000-b511c000 rwxp 00003000 fe:00 229875     /usr/lib/libXdmcp.so.6.0.0
b511c000-b5204000 r-xp 00000000 fe:00 235153     /usr/lib/libX11.so.6.2.0
b5204000-b5208000 rwxp 000e8000 fe:00 235153     /usr/lib/libX11.so.6.2.0
b5208000-b5215000 r-xp 00000000 fe:00 235155     /usr/lib/libXext.so.6.4.0
b5215000-b5216000 rwxp 0000c000 fe:00 235155     /usr/lib/libXext.so.6.4.0
b5216000-b5257000 r-xp 00000000 fe:00 385547     /usr/lib/jvm/java-6-sun-1.6.0.06/jre/lib/i386/xawt/libmawt.so
b5257000-b525a000 rwxp 00040000 fe:00 385547     /usr/lib/jvm/java-6-sun-1.6.0.06/jre/lib/i386/xawt/libmawt.so
b525a000-b52d5000 r-xp 00000000 fe:00 371988     /usr/lib/jvm/java-6-sun-1.6.0.06/jre/lib/i386/libawt.so
b52d5000-b52dc000 rwxp 0007b000 fe:00 371988     /usr/lib/jvm/java-6-sun-1.6.0.06/jre/lib/i386/libawt.so
b52dc000-b53fe000 rwxp b52dc000 00:00 0 
b53fe000-b5400000 ---p b53fe000 00:00 0 
b5401000-b5403000 r-xp 00000000 fe:00 236524     /usr/lib/libXau.so.6.0.0
b5403000-b5404000 rwxp 00001000 fe:00 236524     /usr/lib/libXau.so.6.0.0
b5404000-b540b000 r-xp 00000000 fe:00 235287     /usr/lib/libXi.so.6.0.0
b540b000-b540c000 rwxp 00006000 fe:00 235287     /usr/lib/libXi.so.6.0.0
b540c000-b540f000 r-xs 00000000 fe:00 320215     /var/cache/fontconfig/fac9d1061ce4dddb2143955f84876fd7-x86.cache-2
b540f000-b5411000 r-xs 00000000 fe:00 322602     /var/cache/fontconfig/7ef2298fde41cc6eeb7af42e48b7d293-x86.cache-2
b5411000-b541f000 r-xs 00000000 fe:00 322676     /var/cache/fontconfig/865f88548240fee46819705c6468c165-x86.cache-2
b541f000-b5451000 rwxp b541f000 00:00 0 
b5451000-b55dc000 r-xs 02df0000 fe:00 372003     /usr/lib/jvm/java-6-sun-1.6.0.06/jre/lib/rt.jar
b55dc000-b55e5000 r-xs 00074000 fe:03 794629     /home/aleks/opt/apache-uima/lib/uima-tools.jar
b55e5000-b55fb000 r-xs 0010f000 fe:03 794625     /home/aleks/opt/apache-uima/lib/uima-core.jar
b55fb000-b55fc000 ---p b55fb000 00:00 0 
b55fc000-b567c000 rwxp b55fc000 00:00 0 
b567c000-b567f000 ---p b567c000 00:00 0 
b567f000-b56cd000 rwxp b567f000 00:00 0 
b56cd000-b56d0000 ---p b56cd000 00:00 0 
b56d0000-b574e000 rwxp b56d0000 00:00 0 
b574e000-b5751000 ---p b574e000 00:00 0 
b5751000-b579f000 rwxp b5751000 00:00 0 
b579f000-b5881000 r-xp 00259000 fe:00 246686     /usr/lib/locale/locale-archive
b5881000-b5a81000 r-xp 00000000 fe:00 246686     /usr/lib/locale/locale-archive
b5a81000-b5a84000 ---p b5a81000 00:00 0 
b5a84000-b5ad2000 rwxp b5a84000 00:00 0 
b5ad2000-b5ad5000 ---p b5ad2000 00:00 0 
b5ad5000-b5b23000 rwxp b5ad5000 00:00 0 
b5b23000-b5b24000 ---p b5b23000 00:00 0 
b5b24000-b5bb2000 rwxp b5b24000 00:00 0 
b5bb2000-b5bcc000 rwxp b5bb2000 00:00 0 
b5bcc000-b5bea000 rwxp b5bcc000 00:00 0 
b5bea000-b5bed000 rwxp b5bea000 00:00 0 
b5bed000-b5c0a000 rwxp b5bed000 00:00 0 
b5c0a000-b5c10000 rwxp b5c0a000 00:00 0 
b5c10000-b5c2a000 rwxp b5c10000 00:00 0 
b5c2a000-b5c3c000 rwxp b5c2a000 00:00 0 
b5c3c000-b5cb5000 rwxp b5c3c000 00:00 0 
b5cb5000-b5e75000 rwxp b5cb5000 00:00 0 
b5e75000-b7cb5000 rwxp b5e75000 00:00 0 
b7cb5000-b7cc4000 r-xp 00000000 fe:00 371964     /usr/lib/jvm/java-6-sun-1.6.0.06/jre/lib/i386/libzip.so
b7cc4000-b7cc6000 rwxp 0000e000 fe:00 371964     /usr/lib/jvm/java-6-sun-1.6.0.06/jre/lib/i386/libzip.so
b7cc6000-b7ce9000 r-xp 00000000 fe:00 371963     /usr/lib/jvm/java-6-sun-1.6.0.06/jre/lib/i386/libjava.so
b7ce9000-b7ceb000 rwxp 00023000 fe:00 371963     /usr/lib/jvm/java-6-sun-1.6.0.06/jre/lib/i386/libjava.so
b7ceb000-b7cf6000 r-xp 00000000 fe:00 371953     /usr/lib/jvm/java-6-sun-1.6.0.06/jre/lib/i386/libverify.so
b7cf6000-b7cf7000 rwxp 0000b000 fe:00 371953     /usr/lib/jvm/java-6-sun-1.6.0.06/jre/lib/i386/libverify.so
b7cf7000-b7d00000 r-xp 00000000 fe:00 550049     /lib/i686/cmov/libnss_files-2.7.so
b7d00000-b7d02000 rwxp 00008000 fe:00 550049     /lib/i686/cmov/libnss_files-2.7.so
b7d02000-b7d0a000 r-xp 00000000 fe:00 550051     /lib/i686/cmov/libnss_nis-2.7.so
b7d0a000-b7d0c000 rwxp 00007000 fe:00 550051     /lib/i686/cmov/libnss_nis-2.7.so
b7d0c000-b7d20000 r-xp 00000000 fe:00 550046     /lib/i686/cmov/libnsl-2.7.so
b7d20000-b7d22000 rwxp 00013000 fe:00 550046     /lib/i686/cmov/libnsl-2.7.so
b7d22000-b7d24000 rwxp b7d22000 00:00 0 
b7d24000-b7d25000 r-xs 00000000 fe:00 320216     /var/cache/fontconfig/2da08ab1328900a4581f87e74c0172ce-x86.cache-2
b7d25000-b7d29000 r-xp 00000000 fe:00 235291     /usr/lib/libXtst.so.6.1.0
b7d29000-b7d2a000 rwxp 00003000 fe:00 235291     /usr/lib/libXtst.so.6.1.0
b7d2a000-b7d2f000 rwxp b7d2a000 00:00 0 
b7d2f000-b7d37000 rwxs 00000000 fe:00 770286     /tmp/hsperfdata_aleks/8705
b7d37000-b7d3e000 r-xp 00000000 fe:00 550056     /lib/i686/cmov/librt-2.7.so
b7d3e000-b7d40000 rwxp 00006000 fe:00 550056     /lib/i686/cmov/librt-2.7.so
b7d40000-b7d43000 ---p b7d40000 00:00 0 
b7d43000-b7d91000 rwxp b7d43000 00:00 0 
b7d91000-b7db4000 r-xp 00000000 fe:00 550044     /lib/i686/cmov/libm-2.7.so
b7db4000-b7db6000 rwxp 00023000 fe:00 550044     /lib/i686/cmov/libm-2.7.so
b7db6000-b7db7000 rwxp b7db6000 00:00 0 
b7db7000-b7eff000 r-xp 00000000 fe:00 550040     /lib/i686/cmov/libc-2.7.so
b7eff000-b7f00000 r-xp 00147000 fe:00 550040     /lib/i686/cmov/libc-2.7.so
b7f00000-b7f02000 rwxp 00148000 fe:00 550040     /lib/i686/cmov/libc-2.7.so
b7f02000-b7f05000 rwxp b7f02000 00:00 0 
b7f05000-b7f07000 r-xp 00000000 fe:00 550043     /lib/i686/cmov/libdl-2.7.so
b7f07000-b7f09000 rwxp 00001000 fe:00 550043     /lib/i686/cmov/libdl-2.7.so
b7f09000-b7f10000 r-xp 00000000 fe:00 385549     /usr/lib/jvm/java-6-sun-1.6.0.06/jre/lib/i386/jli/libjli.so
b7f10000-b7f12000 rwxp 00006000 fe:00 385549     /usr/lib/jvm/java-6-sun-1.6.0.06/jre/lib/i386/jli/libjli.so
b7f12000-b7f13000 rwxp b7f12000 00:00 0 
b7f13000-b7f27000 r-xp 00000000 fe:00 550054     /lib/i686/cmov/libpthread-2.7.so
b7f27000-b7f29000 rwxp 00013000 fe:00 550054     /lib/i686/cmov/libpthread-2.7.so
b7f29000-b7f2b000 rwxp b7f29000 00:00 0 
b7f2b000-b7f2c000 r-xs 00002000 fe:03 794627     /home/aleks/opt/apache-uima/lib/uima-document-annotation.jar
b7f2c000-b7f33000 r-xp 00000000 fe:00 550047     /lib/i686/cmov/libnss_compat-2.7.so
b7f33000-b7f35000 rwxp 00006000 fe:00 550047     /lib/i686/cmov/libnss_compat-2.7.so
b7f35000-b7f3b000 r-xp 00000000 fe:00 385535     /usr/lib/jvm/java-6-sun-1.6.0.06/jre/lib/i386/native_threads/libhpi.so
b7f3b000-b7f3c000 rwxp 00006000 fe:00 385535     /usr/lib/jvm/java-6-sun-1.6.0.06/jre/lib/i386/native_threads/libhpi.so
b7f3c000-b7f3d000 rwxp b7f3c000 00:00 0 
b7f3d000-b7f3e000 ---p b7f3d000 00:00 0 
b7f3e000-b7f40000 rwxp b7f3e000 00:00 0 
b7f40000-b7f5a000 r-xp 00000000 fe:00 540839     /lib/ld-2.7.so
b7f5a000-b7f5c000 rwxp 00019000 fe:00 540839     /lib/ld-2.7.so
bfb9c000-bfbb1000 rwxp bffeb000 00:00 0          [stack]
ffffe000-fffff000 r-xp 00000000 00:00 0          [vdso]

VM Arguments:
jvm_args: -Duima.tools.cvd.manpath=/home/aleks/opt/apache-uima/docs/html -Djava.util.logging.config.file=/home/aleks/opt/apache-uima/config/Logger.properties -DVNS_HOST=localhost 
java_command: org.apache.uima.tools.cvd.CVD
Launcher Type: SUN_STANDARD

Environment Variables:
JAVA_HOME=/usr/lib/jvm/java-6-sun
CLASSPATH=/home/aleks/opt/java/uima-tools.jar:/home/aleks/opt/java/uima-examples.jar:/home/aleks/opt/java/uima-document-annotation.jar:/home/aleks/opt/java/uima-cpe.jar:/home/aleks/opt/java/uima-core.jar:/home/aleks/opt/java/uima-adapter-vinci.jar:/home/aleks/opt/java/uima-adapter-soap.jar:/home/aleks/opt/java/lukeall-0.8.1.jar:/home/aleks/opt/java/lucene-highlighter-2.3.1.jar:/home/aleks/opt/java/lucene-demos-2.3.jar:/home/aleks/opt/java/lucene-core-2.3.jar:/home/aleks/opt/java/lucene-core-2.3.1.jar:/home/aleks/opt/java/jVinci.jar:/home/aleks/opt/java/jdom.jar::.
PATH=/home/aleks/opt/apache-uima/uimacpp/bin;/home/aleks/opt/apache-uima/uimacpp/examples/tutorial/src;/home/aleks/opt/xmonad/bin:/home/aleks/opt/wine/bin:/home/aleks/opt/Protege_3.3.1/bin:/home/aleks/opt/perl/bin:/home/aleks/opt/mpd/bin:/home/aleks/opt/haskell/bin:/home/aleks/opt/googleearth/bin:/home/aleks/opt/git-home-history/bin:/home/aleks/opt/firefox/bin:/home/aleks/opt/firefox.bak/bin:/home/aleks/opt/eclipse/bin:/home/aleks/opt/audio/bin:/home/aleks/opt/apache-uima/bin:/home/aleks/bin:/home/aleks/bin:/usr/local/bin:/usr/bin:/bin:/usr/games
LD_LIBRARY_PATH=/usr/lib/jvm/java-6-sun-1.6.0.06/jre/lib/i386/client:/usr/lib/jvm/java-6-sun-1.6.0.06/jre/lib/i386:/usr/lib/jvm/java-6-sun-1.6.0.06/jre/../lib/i386:/home/aleks/opt/apache-uima/uimacpp/lib:/home/aleks/opt/apache-uima/uimacpp/examples/tutorial/src:/usr/lib/jvm/java-6-sun-1.6.0.06/jre/lib/i386/client::/usr/lib/jvm/java-6-sun-1.6.0.06/jre/lib/i386::
SHELL=/bin/zsh
DISPLAY=:0.0

Signal Handlers:
SIGSEGV: [libjvm.so+0x3be710], sa_mask[0]=0x7ffbfeff, sa_flags=0x10000004
SIGBUS: [libjvm.so+0x3be710], sa_mask[0]=0x7ffbfeff, sa_flags=0x10000004
SIGFPE: [libjvm.so+0x30f810], sa_mask[0]=0x7ffbfeff, sa_flags=0x10000004
SIGPIPE: [libjvm.so+0x30f810], sa_mask[0]=0x7ffbfeff, sa_flags=0x10000004
SIGXFSZ: [libjvm.so+0x30f810], sa_mask[0]=0x7ffbfeff, sa_flags=0x10000004
SIGILL: [libjvm.so+0x30f810], sa_mask[0]=0x7ffbfeff, sa_flags=0x10000004
SIGUSR1: SIG_DFL, sa_mask[0]=0x00000000, sa_flags=0x00000000
SIGUSR2: [libjvm.so+0x311850], sa_mask[0]=0x00000004, sa_flags=0x10000004
SIGHUP: [libjvm.so+0x3115f0], sa_mask[0]=0x7ffbfeff, sa_flags=0x10000004
SIGINT: [libjvm.so+0x3115f0], sa_mask[0]=0x7ffbfeff, sa_flags=0x10000004
SIGTERM: [libjvm.so+0x3115f0], sa_mask[0]=0x7ffbfeff, sa_flags=0x10000004
SIGQUIT: [libjvm.so+0x3115f0], sa_mask[0]=0x7ffbfeff, sa_flags=0x10000004


---------------  S Y S T E M  ---------------

OS:lenny/sid

uname:Linux 2.6.24-1-686 #1 SMP Sat Apr 19 00:37:55 UTC 2008 i686
libc:glibc 2.7 NPTL 2.7 
rlimit: STACK 8192k, CORE 0k, NPROC 8180, NOFILE 1024, AS infinity
load average:0.87 0.40 0.24

CPU:total 2 (2 cores per cpu, 1 threads per core) family 6 model 14 stepping 8, cmov, cx8, fxsr, mmx, sse, sse2, sse3

Memory: 4k page, physical 1034744k(15404k free), swap 2097144k(2084004k free)

vm_info: Java HotSpot(TM) Client VM (10.0-b22) for linux-x86 JRE (1.6.0_06-b02), built on Mar 25 2008 00:39:19 by "java_re" with gcc 3.2.1-7a (J2SE release)

time: Thu May 29 05:37:52 2008
elapsed time: 144 seconds

