5/29/08 2:15:47 PM - 10: sun.awt.X11.XToolkit.setupModifierMap: FINE: In setupModifierMap
5/29/08 2:15:47 PM - 10: sun.awt.X11.XModifierKeymap.<init>: FINEST: Creating
5/29/08 2:15:47 PM - 10: sun.awt.X11.XModifierKeymap.get_max_keypermod: FINEST: 
5/29/08 2:15:47 PM - 10: sun.awt.X11.XModifierKeymap.get_modifiermap: FINEST: 
5/29/08 2:15:47 PM - 10: sun.awt.X11.XToolkit.setupModifierMap: FINE: metaMask = 0
5/29/08 2:15:47 PM - 10: sun.awt.X11.XToolkit.setupModifierMap: FINE: altMask = 8
5/29/08 2:15:47 PM - 10: sun.awt.X11.XToolkit.setupModifierMap: FINE: numLockMask = 16
5/29/08 2:15:47 PM - 10: sun.awt.X11.XToolkit.setupModifierMap: FINE: modeSwitchMask = 128
5/29/08 2:15:47 PM - 10: sun.awt.X11.XToolkit.setupModifierMap: FINE: modLockIsShiftLock = 0
5/29/08 2:15:47 PM - 10: sun.awt.X11.XToolkit.setBackingStoreType: CONFIG: The system property sun.awt.backingStore is not set, by default backingStore=NotUseful
5/29/08 2:15:47 PM - 10: sun.awt.X11.AwtScreenData.<init>: FINEST: Creating
5/29/08 2:15:47 PM - 10: sun.awt.X11.AwtScreenData.get_blackpixel: FINEST: 
5/29/08 2:15:47 PM - 10: sun.awt.X11.XWM.getWMID: FINEST: awt_wmgr = 1
5/29/08 2:15:47 PM - 10: sun.awt.X11.XSetWindowAttributes.<init>: FINEST: Creating
5/29/08 2:15:47 PM - 10: sun.awt.X11.XSetWindowAttributes.<init>: FINEST: Creating
5/29/08 2:15:47 PM - 10: sun.awt.X11.XWM.isNoWM: FINER: selection owner of WM_S0 is 0
5/29/08 2:15:47 PM - 10: sun.awt.X11.XSetWindowAttributes.set_event_mask: FINEST: 
5/29/08 2:15:47 PM - 10: sun.awt.X11.XErrorEvent.<init>: FINEST: Creating
5/29/08 2:15:47 PM - 10: sun.awt.X11.XErrorEvent.get_request_code: FINEST: 
5/29/08 2:15:47 PM - 10: sun.awt.X11.XErrorEvent.get_error_code: FINEST: 
5/29/08 2:15:47 PM - 10: sun.awt.X11.XSetWindowAttributes.dispose: FINEST: Disposing
5/29/08 2:15:47 PM - 10: sun.awt.X11.XSetWindowAttributes.dispose: FINEST: freeing memory
5/29/08 2:15:47 PM - 10: sun.awt.X11.XNETProtocol.detect: FINE: ### sun.awt.X11.XNETProtocol@4a65e0 is active: false
5/29/08 2:15:47 PM - 10: sun.awt.X11.XWINProtocol.detect: FINE: ### sun.awt.X11.XWINProtocol@ef22f8 is active: false
5/29/08 2:15:47 PM - 10: sun.awt.X11.XWM.prepareIsIceWM: FINER: {0} is not interned
5/29/08 2:15:47 PM - 10: sun.awt.X11.XWM.isCDE: FINER: {0} is not interned
5/29/08 2:15:47 PM - 10: sun.awt.X11.XSetWindowAttributes.dispose: FINEST: Disposing
5/29/08 2:15:47 PM - 10: sun.awt.X11.XSetWindowAttributes.dispose: FINEST: freeing memory
5/29/08 2:15:47 PM - 10: sun.awt.X11.XWM.<init>: FINE: Window manager: Other WM
5/29/08 2:15:47 PM - 11: sun.awt.X11.XEvent.<init>: FINEST: Creating
5/29/08 2:15:47 PM - 11: sun.awt.X11.XToolkit.callTimeoutTasks: FINER: XToolkit.callTimeoutTasks(): current time={0};  tasks={1}
5/29/08 2:15:47 PM - 11: sun.awt.X11.XToolkit.callTimeoutTasks: FINER: XToolkit.callTimeoutTasks(): current time={0};  tasks={1}
5/29/08 2:15:47 PM - 11: sun.awt.X11.XToolkit.callTimeoutTasks: FINER: XToolkit.callTimeoutTasks(): current time={0};  tasks={1}
5/29/08 2:15:47 PM - 11: sun.awt.X11.XToolkit.callTimeoutTasks: FINER: XToolkit.callTimeoutTasks(): current time={0};  tasks={1}
5/29/08 2:15:47 PM - 10: sun.awt.X11.XAWTXSettings.initXSettings: FINE: Initializing XAWT XSettings
5/29/08 2:15:47 PM - 11: sun.awt.X11.XToolkit.callTimeoutTasks: FINER: XToolkit.callTimeoutTasks(): current time={0};  tasks={1}
5/29/08 2:15:47 PM - 11: sun.awt.X11.XToolkit.callTimeoutTasks: FINER: XToolkit.callTimeoutTasks(): current time={0};  tasks={1}
5/29/08 2:15:47 PM - 10: sun.awt.X11.XMSelection.selectPerScreen: FINE: Grabbing XServer
5/29/08 2:15:47 PM - 10: sun.awt.X11.XMSelection.selectPerScreen: FINE: Screen = 0 selection name = _XSETTINGS_S0
5/29/08 2:15:47 PM - 10: sun.awt.X11.XMSelection.selectPerScreen: FINE: UnGrabbing XServer
5/29/08 2:15:47 PM - 11: sun.awt.X11.XToolkit.callTimeoutTasks: FINER: XToolkit.callTimeoutTasks(): current time={0};  tasks={1}
5/29/08 2:15:47 PM - 10: sun.awt.X11.XAWTXSettings.updatePerScreenXSettings: FINE: Updating Per XSettings changes
5/29/08 2:15:47 PM - 10: sun.awt.X11.XAWTXSettings.updateXSettings: FINE: updateXSettings owner =0
